Using pre-set license
Built from '2021.3/staging' branch; Version is '2021.3.6f1 (7da38d85baf6) revision 8233869'; Using compiler version '192829333'; Build Type 'Release'
OS: 'Windows 10  (10.0.19044) 64bit Education' Language: 'en' Physical Memory: 32691 MB
BatchMode: 1, IsHumanControllingUs: 0, StartBugReporterOnCrash: 0, Is64bit: 1, IsPro: 1

COMMAND LINE ARGUMENTS:
C:\Program Files\Unity\Hub\Editor\2021.3.6f1\Editor\Unity.exe
-adb2
-batchMode
-noUpm
-name
AssetImportWorker0
-projectPath
D:/Unity - Projekte/unity-packages
-logFile
Logs/AssetImportWorker0.log
-srvPort
60179
Successfully changed project path to: D:/Unity - Projekte/unity-packages
D:/Unity - Projekte/unity-packages
[UnityMemory] Configuration Parameters - Can be set up in boot.config
    "memorysetup-bucket-allocator-granularity=16"
    "memorysetup-bucket-allocator-bucket-count=8"
    "memorysetup-bucket-allocator-block-size=33554432"
    "memorysetup-bucket-allocator-block-count=8"
    "memorysetup-main-allocator-block-size=16777216"
    "memorysetup-thread-allocator-block-size=16777216"
    "memorysetup-gfx-main-allocator-block-size=16777216"
    "memorysetup-gfx-thread-allocator-block-size=16777216"
    "memorysetup-cache-allocator-block-size=4194304"
    "memorysetup-typetree-allocator-block-size=2097152"
    "memorysetup-profiler-bucket-allocator-granularity=16"
    "memorysetup-profiler-bucket-allocator-bucket-count=8"
    "memorysetup-profiler-bucket-allocator-block-size=33554432"
    "memorysetup-profiler-bucket-allocator-block-count=8"
    "memorysetup-profiler-allocator-block-size=16777216"
    "memorysetup-profiler-editor-allocator-block-size=1048576"
    "memorysetup-temp-allocator-size-main=16777216"
    "memorysetup-job-temp-allocator-block-size=2097152"
    "memorysetup-job-temp-allocator-block-size-background=1048576"
    "memorysetup-job-temp-allocator-reduction-small-platforms=262144"
    "memorysetup-temp-allocator-size-background-worker=32768"
    "memorysetup-temp-allocator-size-job-worker=262144"
    "memorysetup-temp-allocator-size-preload-manager=33554432"
    "memorysetup-temp-allocator-size-nav-mesh-worker=65536"
    "memorysetup-temp-allocator-size-audio-worker=65536"
    "memorysetup-temp-allocator-size-cloud-worker=32768"
    "memorysetup-temp-allocator-size-gi-baking-worker=262144"
    "memorysetup-temp-allocator-size-gfx=262144"
Refreshing native plugins compatible for Editor in 133.95 ms, found 3 plugins.
Preloading 0 native plugins for Editor in 0.00 ms.
Initialize engine version: 2021.3.6f1 (7da38d85baf6)
[Subsystems] Discovering subsystems at path C:/Program Files/Unity/Hub/Editor/2021.3.6f1/Editor/Data/Resources/UnitySubsystems
[Subsystems] Discovering subsystems at path D:/Unity - Projekte/unity-packages/Assets
GfxDevice: creating device client; threaded=0; jobified=0
Direct3D:
    Version:  Direct3D 11.0 [level 11.1]
    Renderer: NVIDIA GeForce GTX 1080 (ID=0x1b80)
    Vendor:   NVIDIA
    VRAM:     8079 MB
    Driver:   31.0.15.1694
Initialize mono
Mono path[0] = 'C:/Program Files/Unity/Hub/Editor/2021.3.6f1/Editor/Data/Managed'
Mono path[1] = 'C:/Program Files/Unity/Hub/Editor/2021.3.6f1/Editor/Data/MonoBleedingEdge/lib/mono/unityjit-win32'
Mono config path = 'C:/Program Files/Unity/Hub/Editor/2021.3.6f1/Editor/Data/MonoBleedingEdge/etc'
Using monoOptions --debugger-agent=transport=dt_socket,embedding=1,server=y,suspend=n,address=127.0.0.1:56724
Begin MonoManager ReloadAssembly
Registering precompiled unity dll's ...
Register platform support module: C:/Program Files/Unity/Hub/Editor/2021.3.6f1/Editor/Data/PlaybackEngines/MacStandaloneSupport/UnityEditor.OSXStandalone.Extensions.dll
Register platform support module: C:/Program Files/Unity/Hub/Editor/2021.3.6f1/Editor/Data/PlaybackEngines/WindowsStandaloneSupport/UnityEditor.WindowsStandalone.Extensions.dll
Register platform support module: C:/Program Files/Unity/Hub/Editor/2021.3.6f1/Editor/Data/PlaybackEngines/MetroSupport/UnityEditor.UWP.Extensions.dll
Registered in 0.020054 seconds.
Native extension for UWP target not found
Native extension for WindowsStandalone target not found
Native extension for OSXStandalone target not found
Refreshing native plugins compatible for Editor in 119.86 ms, found 3 plugins.
Preloading 0 native plugins for Editor in 0.00 ms.
Mono: successfully reloaded assembly
- Completed reload, in  1.090 seconds
Domain Reload Profiling:
	ReloadAssembly (1091ms)
		BeginReloadAssembly (175ms)
			ExecutionOrderSort (0ms)
			DisableScriptedObjects (0ms)
			BackupInstance (0ms)
			ReleaseScriptingObjects (0ms)
			CreateAndSetChildDomain (1ms)
		EndReloadAssembly (737ms)
			LoadAssemblies (180ms)
			RebuildTransferFunctionScriptingTraits (0ms)
			SetupTypeCache (189ms)
			ReleaseScriptCaches (0ms)
			RebuildScriptCaches (48ms)
			SetupLoadedEditorAssemblies (419ms)
				LogAssemblyErrors (0ms)
				InitializePlatformSupportModulesInManaged (16ms)
				SetLoadedEditorAssemblies (0ms)
				RefreshPlugins (120ms)
				BeforeProcessingInitializeOnLoad (2ms)
				ProcessInitializeOnLoadAttributes (210ms)
				ProcessInitializeOnLoadMethodAttributes (70ms)
				AfterProcessingInitializeOnLoad (0ms)
				EditorAssembliesLoaded (0ms)
			ExecutionOrderSort2 (0ms)
			AwakeInstancesAfterBackupRestoration (0ms)
Platform modules already initialized, skipping
Registering precompiled user dll's ...
Registered in 0.023918 seconds.
Begin MonoManager ReloadAssembly
Symbol file LoadedFromMemory doesn't match image D:\Unity - Projekte\unity-packages\Library\PackageCache\com.unity.visualscripting@1.7.8\Editor\VisualScripting.Core\Dependencies\YamlDotNet\Unity.VisualScripting.YamlDotNet.dll
Symbol file LoadedFromMemory doesn't match image D:\Unity - Projekte\unity-packages\Library\PackageCache\com.unity.visualscripting@1.7.8\Editor\VisualScripting.Core\Dependencies\DotNetZip\Unity.VisualScripting.IonicZip.dll
Native extension for UWP target not found
Native extension for WindowsStandalone target not found
Native extension for OSXStandalone target not found
Refreshing native plugins compatible for Editor in 0.67 ms, found 3 plugins.
Preloading 0 native plugins for Editor in 0.00 ms.
Mono: successfully reloaded assembly
- Completed reload, in  2.510 seconds
Domain Reload Profiling:
	ReloadAssembly (2512ms)
		BeginReloadAssembly (374ms)
			ExecutionOrderSort (0ms)
			DisableScriptedObjects (11ms)
			BackupInstance (0ms)
			ReleaseScriptingObjects (0ms)
			CreateAndSetChildDomain (42ms)
		EndReloadAssembly (1835ms)
			LoadAssemblies (405ms)
			RebuildTransferFunctionScriptingTraits (0ms)
			SetupTypeCache (638ms)
			ReleaseScriptCaches (1ms)
			RebuildScriptCaches (145ms)
			SetupLoadedEditorAssemblies (700ms)
				LogAssemblyErrors (0ms)
				InitializePlatformSupportModulesInManaged (20ms)
				SetLoadedEditorAssemblies (1ms)
				RefreshPlugins (1ms)
				BeforeProcessingInitializeOnLoad (170ms)
				ProcessInitializeOnLoadAttributes (449ms)
				ProcessInitializeOnLoadMethodAttributes (45ms)
				AfterProcessingInitializeOnLoad (14ms)
				EditorAssembliesLoaded (0ms)
			ExecutionOrderSort2 (0ms)
			AwakeInstancesAfterBackupRestoration (12ms)
Platform modules already initialized, skipping
========================================================================
Worker process is ready to serve import requests
Launched and connected shader compiler UnityShaderCompiler.exe after 0.10 seconds
Refreshing native plugins compatible for Editor in 0.79 ms, found 3 plugins.
Preloading 0 native plugins for Editor in 0.00 ms.
Unloading 3423 Unused Serialized files (Serialized files now loaded: 0)
Unloading 27 unused Assets / (111.5 KB). Loaded Objects now: 3880.
Memory consumption went from 117.9 MB to 117.8 MB.
Total: 4.378200 ms (FindLiveObjects: 0.378500 ms CreateObjectMapping: 0.328100 ms MarkObjects: 3.567800 ms  DeleteObjects: 0.102600 ms)

AssetImportParameters requested are different than current active one (requested -> active):
  custom:video-decoder-ogg-theora: a1e56fd34408186e4bbccfd4996cb3dc -> 
  custom:container-muxer-webm: aa71ff27fc2769a1b78a27578f13a17b -> 
  custom:container-demuxer-webm: 4f35f7cbe854078d1ac9338744f61a02 -> 
  custom:video-encoder-webm-vp8: eb34c28f22e8b96e1ab97ce403110664 -> 
  custom:audio-encoder-webm-vorbis: bf7c407c2cedff20999df2af8eb42d56 -> 
  custom:framework-win-MediaFoundation: 216162199b28c13a410421893ffa2e32 -> 
  custom:container-demuxer-ogg: 62fdf1f143b41e24485cea50d1cbac27 -> 
  custom:video-decoder-webm-vp8: 9c59270c3fd7afecdb556c50c9e8de78 -> 
  custom:audio-decoder-ogg-vorbis: bf7c407c2cedff20999df2af8eb42d56 -> 
========================================================================
Received Import Request.
  Time since last request: 11906.019162 seconds.
  path: Assets/ScriptableOutline/Samples/Models/dragon.fbx
  artifactKey: Guid(bcd25dd6c6e864771aa4a82ded6c37ef) Importer(815301076,1909f56bfc062723c751e8b465ee728b)
Start importing Assets/ScriptableOutline/Samples/Models/dragon.fbx using Guid(bcd25dd6c6e864771aa4a82ded6c37ef) Importer(815301076,1909f56bfc062723c751e8b465ee728b)  -> (artifact id: 'd1d2e30d860eff56868ae532daaa3280') in 0.544708 seconds 
========================================================================
Received Import Request.
  Time since last request: 45.552927 seconds.
  path: Assets/ObjectSpawner/Models/dragon.fbx
  artifactKey: Guid(0dd811b759275ef49bbd2e0d7087d53f) Importer(815301076,1909f56bfc062723c751e8b465ee728b)
Start importing Assets/ObjectSpawner/Models/dragon.fbx using Guid(0dd811b759275ef49bbd2e0d7087d53f) Importer(815301076,1909f56bfc062723c751e8b465ee728b)  -> (artifact id: '2de25ccda4c262249ad8e37107f8c19a') in 0.071587 seconds 
========================================================================
Received Prepare
Registering precompiled user dll's ...
Registered in 0.030985 seconds.
Begin MonoManager ReloadAssembly
Symbol file LoadedFromMemory doesn't match image D:\Unity - Projekte\unity-packages\Library\PackageCache\com.unity.visualscripting@1.7.8\Editor\VisualScripting.Core\Dependencies\YamlDotNet\Unity.VisualScripting.YamlDotNet.dll
Symbol file LoadedFromMemory doesn't match image D:\Unity - Projekte\unity-packages\Library\PackageCache\com.unity.visualscripting@1.7.8\Editor\VisualScripting.Core\Dependencies\DotNetZip\Unity.VisualScripting.IonicZip.dll
Native extension for UWP target not found
Native extension for WindowsStandalone target not found
Native extension for OSXStandalone target not found
Refreshing native plugins compatible for Editor in 0.62 ms, found 3 plugins.
Preloading 0 native plugins for Editor in 0.00 ms.
Mono: successfully reloaded assembly
- Completed reload, in  1.614 seconds
Domain Reload Profiling:
	ReloadAssembly (1614ms)
		BeginReloadAssembly (255ms)
			ExecutionOrderSort (0ms)
			DisableScriptedObjects (6ms)
			BackupInstance (0ms)
			ReleaseScriptingObjects (0ms)
			CreateAndSetChildDomain (53ms)
		EndReloadAssembly (1204ms)
			LoadAssemblies (278ms)
			RebuildTransferFunctionScriptingTraits (0ms)
			SetupTypeCache (392ms)
			ReleaseScriptCaches (1ms)
			RebuildScriptCaches (58ms)
			SetupLoadedEditorAssemblies (486ms)
				LogAssemblyErrors (0ms)
				InitializePlatformSupportModulesInManaged (26ms)
				SetLoadedEditorAssemblies (1ms)
				RefreshPlugins (1ms)
				BeforeProcessingInitializeOnLoad (91ms)
				ProcessInitializeOnLoadAttributes (316ms)
				ProcessInitializeOnLoadMethodAttributes (38ms)
				AfterProcessingInitializeOnLoad (14ms)
				EditorAssembliesLoaded (0ms)
			ExecutionOrderSort2 (0ms)
			AwakeInstancesAfterBackupRestoration (12ms)
Platform modules already initialized, skipping
Refreshing native plugins compatible for Editor in 3.10 ms, found 3 plugins.
Preloading 0 native plugins for Editor in 0.00 ms.
Unloading 3418 Unused Serialized files (Serialized files now loaded: 0)
Unloading 22 unused Assets / (408.4 KB). Loaded Objects now: 3925.
Memory consumption went from 123.0 MB to 122.6 MB.
Total: 3.188900 ms (FindLiveObjects: 0.295000 ms CreateObjectMapping: 0.164300 ms MarkObjects: 2.494800 ms  DeleteObjects: 0.233700 ms)

AssetImportParameters requested are different than current active one (requested -> active):
  custom:video-decoder-ogg-theora: a1e56fd34408186e4bbccfd4996cb3dc -> 
  custom:container-muxer-webm: aa71ff27fc2769a1b78a27578f13a17b -> 
  custom:container-demuxer-webm: 4f35f7cbe854078d1ac9338744f61a02 -> 
  custom:video-encoder-webm-vp8: eb34c28f22e8b96e1ab97ce403110664 -> 
  custom:audio-encoder-webm-vorbis: bf7c407c2cedff20999df2af8eb42d56 -> 
  custom:framework-win-MediaFoundation: 216162199b28c13a410421893ffa2e32 -> 
  custom:container-demuxer-ogg: 62fdf1f143b41e24485cea50d1cbac27 -> 
  custom:video-decoder-webm-vp8: 9c59270c3fd7afecdb556c50c9e8de78 -> 
  custom:audio-decoder-ogg-vorbis: bf7c407c2cedff20999df2af8eb42d56 -> 
========================================================================
Received Import Request.
  Time since last request: 113.789399 seconds.
  path: Assets/ObjectSpawner/Scripts
  artifactKey: Guid(c70b7753d30a23a4f847693df8f6d5f0) Importer(815301076,1909f56bfc062723c751e8b465ee728b)
Start importing Assets/ObjectSpawner/Scripts using Guid(c70b7753d30a23a4f847693df8f6d5f0) Importer(815301076,1909f56bfc062723c751e8b465ee728b)  -> (artifact id: '35a26a7341874fe6951ee92564337c2b') in 0.023476 seconds 
========================================================================
Received Prepare
Registering precompiled user dll's ...
Registered in 0.046170 seconds.
Begin MonoManager ReloadAssembly
Symbol file LoadedFromMemory doesn't match image D:\Unity - Projekte\unity-packages\Library\PackageCache\com.unity.visualscripting@1.7.8\Editor\VisualScripting.Core\Dependencies\YamlDotNet\Unity.VisualScripting.YamlDotNet.dll
Symbol file LoadedFromMemory doesn't match image D:\Unity - Projekte\unity-packages\Library\PackageCache\com.unity.visualscripting@1.7.8\Editor\VisualScripting.Core\Dependencies\DotNetZip\Unity.VisualScripting.IonicZip.dll
Native extension for UWP target not found
Native extension for WindowsStandalone target not found
Native extension for OSXStandalone target not found
Refreshing native plugins compatible for Editor in 0.57 ms, found 3 plugins.
Preloading 0 native plugins for Editor in 0.00 ms.
Mono: successfully reloaded assembly
- Completed reload, in  2.270 seconds
Domain Reload Profiling:
	ReloadAssembly (2271ms)
		BeginReloadAssembly (339ms)
			ExecutionOrderSort (0ms)
			DisableScriptedObjects (10ms)
			BackupInstance (0ms)
			ReleaseScriptingObjects (0ms)
			CreateAndSetChildDomain (67ms)
		EndReloadAssembly (1727ms)
			LoadAssemblies (376ms)
			RebuildTransferFunctionScriptingTraits (0ms)
			SetupTypeCache (578ms)
			ReleaseScriptCaches (3ms)
			RebuildScriptCaches (78ms)
			SetupLoadedEditorAssemblies (696ms)
				LogAssemblyErrors (0ms)
				InitializePlatformSupportModulesInManaged (33ms)
				SetLoadedEditorAssemblies (1ms)
				RefreshPlugins (1ms)
				BeforeProcessingInitializeOnLoad (138ms)
				ProcessInitializeOnLoadAttributes (430ms)
				ProcessInitializeOnLoadMethodAttributes (66ms)
				AfterProcessingInitializeOnLoad (27ms)
				EditorAssembliesLoaded (0ms)
			ExecutionOrderSort2 (0ms)
			AwakeInstancesAfterBackupRestoration (30ms)
Platform modules already initialized, skipping
Refreshing native plugins compatible for Editor in 5.32 ms, found 3 plugins.
Preloading 0 native plugins for Editor in 0.00 ms.
Unloading 3420 Unused Serialized files (Serialized files now loaded: 0)
Unloading 22 unused Assets / (408.4 KB). Loaded Objects now: 3930.
Memory consumption went from 123.1 MB to 122.7 MB.
Total: 10.074500 ms (FindLiveObjects: 1.098900 ms CreateObjectMapping: 0.969400 ms MarkObjects: 7.547800 ms  DeleteObjects: 0.457400 ms)

AssetImportParameters requested are different than current active one (requested -> active):
  custom:video-decoder-ogg-theora: a1e56fd34408186e4bbccfd4996cb3dc -> 
  custom:container-muxer-webm: aa71ff27fc2769a1b78a27578f13a17b -> 
  custom:container-demuxer-webm: 4f35f7cbe854078d1ac9338744f61a02 -> 
  custom:video-encoder-webm-vp8: eb34c28f22e8b96e1ab97ce403110664 -> 
  custom:audio-encoder-webm-vorbis: bf7c407c2cedff20999df2af8eb42d56 -> 
  custom:framework-win-MediaFoundation: 216162199b28c13a410421893ffa2e32 -> 
  custom:container-demuxer-ogg: 62fdf1f143b41e24485cea50d1cbac27 -> 
  custom:video-decoder-webm-vp8: 9c59270c3fd7afecdb556c50c9e8de78 -> 
  custom:audio-decoder-ogg-vorbis: bf7c407c2cedff20999df2af8eb42d56 -> 
========================================================================
Received Import Request.
  Time since last request: 25.559495 seconds.
  path: Assets/ObjectSpawner/package.json
  artifactKey: Guid(858cfec0d469d492e9cfbc2679793d38) Importer(815301076,1909f56bfc062723c751e8b465ee728b)
Start importing Assets/ObjectSpawner/package.json using Guid(858cfec0d469d492e9cfbc2679793d38) Importer(815301076,1909f56bfc062723c751e8b465ee728b)  -> (artifact id: 'f858f58156d122876bb1724617ee2d1d') in 0.038750 seconds 
========================================================================
Received Import Request.
  Time since last request: 0.939898 seconds.
  path: Assets/ObjectSpawner/Samples/Models
  artifactKey: Guid(e30d959f7fe6d6049a5623171fa9c54d) Importer(815301076,1909f56bfc062723c751e8b465ee728b)
Start importing Assets/ObjectSpawner/Samples/Models using Guid(e30d959f7fe6d6049a5623171fa9c54d) Importer(815301076,1909f56bfc062723c751e8b465ee728b)  -> (artifact id: '00e5bcc15b5d04853e58e59b95e2ac1c') in 0.009617 seconds 
========================================================================
Received Import Request.
  Time since last request: 0.396629 seconds.
  path: Assets/ObjectSpawner/Samples/SpawnerScene.unity
  artifactKey: Guid(9c0577ab34c56af48ae947f21eb6d856) Importer(815301076,1909f56bfc062723c751e8b465ee728b)
Start importing Assets/ObjectSpawner/Samples/SpawnerScene.unity using Guid(9c0577ab34c56af48ae947f21eb6d856) Importer(815301076,1909f56bfc062723c751e8b465ee728b)  -> (artifact id: '5fce066bac239202d746e7b82237917b') in 0.011307 seconds 
========================================================================
Received Import Request.
  Time since last request: 0.392456 seconds.
  path: Assets/ObjectSpawner/Samples/Models/dragon.fbx
  artifactKey: Guid(bb2d071f95b1bdd49ada300e96e47e13) Importer(815301076,1909f56bfc062723c751e8b465ee728b)
Start importing Assets/ObjectSpawner/Samples/Models/dragon.fbx using Guid(bb2d071f95b1bdd49ada300e96e47e13) Importer(815301076,1909f56bfc062723c751e8b465ee728b)  -> (artifact id: '937e6f13ea74eb1fa0663715780a599f') in 0.175836 seconds 
========================================================================
Received Import Request.
  Time since last request: 0.902754 seconds.
  path: Assets/ObjectSpawner/Samples/Models/Prefabs
  artifactKey: Guid(6ef56829895952d4cb5652c40cbfb324) Importer(815301076,1909f56bfc062723c751e8b465ee728b)
Start importing Assets/ObjectSpawner/Samples/Models/Prefabs using Guid(6ef56829895952d4cb5652c40cbfb324) Importer(815301076,1909f56bfc062723c751e8b465ee728b)  -> (artifact id: 'f66040992f44fca0549506368b7d8fdb') in 0.010195 seconds 
========================================================================
Received Import Request.
  Time since last request: 0.873957 seconds.
  path: Assets/ObjectSpawner/Samples/Models/Prefabs/dragon prefab.prefab
  artifactKey: Guid(c29e901b64791dd4e9aee23ac3a4bf0e) Importer(815301076,1909f56bfc062723c751e8b465ee728b)
Start importing Assets/ObjectSpawner/Samples/Models/Prefabs/dragon prefab.prefab using Guid(c29e901b64791dd4e9aee23ac3a4bf0e) Importer(815301076,1909f56bfc062723c751e8b465ee728b)  -> (artifact id: 'edc5eae91d8e32544c9de4e85ab24b89') in 0.034029 seconds 
========================================================================
Received Import Request.
  Time since last request: 30.159474 seconds.
  path: Assets/ObjectSpawner/Samples/Models/Prefabs/present-merged.prefab
  artifactKey: Guid(74985b96d1d4f1b408bb6d07741e7361) Importer(815301076,1909f56bfc062723c751e8b465ee728b)
Start importing Assets/ObjectSpawner/Samples/Models/Prefabs/present-merged.prefab using Guid(74985b96d1d4f1b408bb6d07741e7361) Importer(815301076,1909f56bfc062723c751e8b465ee728b)  -> (artifact id: '6929f44bfa8a3cdc581855fdc1a98241') in 0.012489 seconds 
========================================================================
Received Import Request.
  Time since last request: 18.178222 seconds.
  path: Assets/ObjectSpawner/Samples/Models/Prefabs/present-merged.fbx
  artifactKey: Guid(5ef652d32cab31f47952b795c06d6241) Importer(815301076,1909f56bfc062723c751e8b465ee728b)
Start importing Assets/ObjectSpawner/Samples/Models/Prefabs/present-merged.fbx using Guid(5ef652d32cab31f47952b795c06d6241) Importer(815301076,1909f56bfc062723c751e8b465ee728b)  -> (artifact id: '7df0d0d97513a3c1514907809d10efb6') in 0.066537 seconds 
========================================================================
Received Import Request.
  Time since last request: 19.159206 seconds.
  path: Assets/ObjectSpawner/Samples/Models/Prefabs/present-merged.prefab
  artifactKey: Guid(74985b96d1d4f1b408bb6d07741e7361) Importer(815301076,1909f56bfc062723c751e8b465ee728b)
Start importing Assets/ObjectSpawner/Samples/Models/Prefabs/present-merged.prefab using Guid(74985b96d1d4f1b408bb6d07741e7361) Importer(815301076,1909f56bfc062723c751e8b465ee728b)  -> (artifact id: '36c84deff92ad80edc164aa08c91b8f2') in 0.030647 seconds 
========================================================================
Received Import Request.
  Time since last request: 60.952374 seconds.
  path: Assets/ObjectSpawner/Samples/Models/Prefabs/present-merged.prefab
  artifactKey: Guid(74985b96d1d4f1b408bb6d07741e7361) Importer(815301076,1909f56bfc062723c751e8b465ee728b)
Start importing Assets/ObjectSpawner/Samples/Models/Prefabs/present-merged.prefab using Guid(74985b96d1d4f1b408bb6d07741e7361) Importer(815301076,1909f56bfc062723c751e8b465ee728b)  -> (artifact id: 'd5809d2de8c980ddf13696ce71bd5335') in 0.030992 seconds 
========================================================================
Received Import Request.
  Time since last request: 53.737155 seconds.
  path: Assets/ObjectSpawner/Models/Prefabs/dragon prefab.prefab
  artifactKey: Guid(b7439e7bc1f42b24c9e63e228b7c5c51) Importer(815301076,1909f56bfc062723c751e8b465ee728b)
Start importing Assets/ObjectSpawner/Models/Prefabs/dragon prefab.prefab using Guid(b7439e7bc1f42b24c9e63e228b7c5c51) Importer(815301076,1909f56bfc062723c751e8b465ee728b)  -> (artifact id: '06c0bdddb387d463c8e79a5b1005a11f') in 0.036442 seconds 
========================================================================
Received Import Request.
  Time since last request: 0.000039 seconds.
  path: Assets/ObjectSpawner/Models/Prefabs/monkey prefab.prefab
  artifactKey: Guid(7ee3700146be60a479ea8973f98bfdd4) Importer(815301076,1909f56bfc062723c751e8b465ee728b)
Start importing Assets/ObjectSpawner/Models/Prefabs/monkey prefab.prefab using Guid(7ee3700146be60a479ea8973f98bfdd4) Importer(815301076,1909f56bfc062723c751e8b465ee728b)  -> (artifact id: '2dadd9e0b40ca1dc31b0700719d755ab') in 0.031991 seconds 
========================================================================
Received Import Request.
  Time since last request: 44.233331 seconds.
  path: Assets/ObjectSpawner/Samples/Models/Prefabs/PresentModel.fbx
  artifactKey: Guid(5ef652d32cab31f47952b795c06d6241) Importer(815301076,1909f56bfc062723c751e8b465ee728b)
Start importing Assets/ObjectSpawner/Samples/Models/Prefabs/PresentModel.fbx using Guid(5ef652d32cab31f47952b795c06d6241) Importer(815301076,1909f56bfc062723c751e8b465ee728b)  -> (artifact id: '6b715976c65a7faa51b09101395bc8db') in 0.069258 seconds 
========================================================================
Received Import Request.
  Time since last request: 5.425848 seconds.
  path: Assets/ObjectSpawner/Samples/Models/Prefabs/PresentPrefan.prefab
  artifactKey: Guid(74985b96d1d4f1b408bb6d07741e7361) Importer(815301076,1909f56bfc062723c751e8b465ee728b)
Start importing Assets/ObjectSpawner/Samples/Models/Prefabs/PresentPrefan.prefab using Guid(74985b96d1d4f1b408bb6d07741e7361) Importer(815301076,1909f56bfc062723c751e8b465ee728b)  -> (artifact id: 'b7cb96fda4358454ad3784e1c09a21e2') in 0.026901 seconds 
========================================================================
Received Import Request.
  Time since last request: 3.707213 seconds.
  path: Assets/ObjectSpawner/Samples/Models/Prefabs/PresentPrefab.prefab
  artifactKey: Guid(74985b96d1d4f1b408bb6d07741e7361) Importer(815301076,1909f56bfc062723c751e8b465ee728b)
Start importing Assets/ObjectSpawner/Samples/Models/Prefabs/PresentPrefab.prefab using Guid(74985b96d1d4f1b408bb6d07741e7361) Importer(815301076,1909f56bfc062723c751e8b465ee728b)  -> (artifact id: 'f8bc5d3dca0637dfe12174381d8d9c31') in 0.029055 seconds 
========================================================================
Received Import Request.
  Time since last request: 12.587915 seconds.
  path: Assets/ObjectSpawner/Samples/Materials
  artifactKey: Guid(3986db45a5aed8841a7394d746e1c3ef) Importer(815301076,1909f56bfc062723c751e8b465ee728b)
Start importing Assets/ObjectSpawner/Samples/Materials using Guid(3986db45a5aed8841a7394d746e1c3ef) Importer(815301076,1909f56bfc062723c751e8b465ee728b)  -> (artifact id: '2d67256085323124a330dd27dbc12aed') in 0.008721 seconds 
========================================================================
Received Import Request.
  Time since last request: 12.986315 seconds.
  path: Assets/ObjectSpawner/Samples/Materials/Ground.mat
  artifactKey: Guid(ff24fea4ff04c6947807e7b9abff9afa) Importer(815301076,1909f56bfc062723c751e8b465ee728b)
Start importing Assets/ObjectSpawner/Samples/Materials/Ground.mat using Guid(ff24fea4ff04c6947807e7b9abff9afa) Importer(815301076,1909f56bfc062723c751e8b465ee728b)  -> (artifact id: '7f628c0f514883f151b4bc4702599566') in 0.027009 seconds 
========================================================================
Received Prepare
Registering precompiled user dll's ...
Registered in 0.025969 seconds.
Begin MonoManager ReloadAssembly
Symbol file LoadedFromMemory doesn't match image D:\Unity - Projekte\unity-packages\Library\PackageCache\com.unity.visualscripting@1.7.8\Editor\VisualScripting.Core\Dependencies\YamlDotNet\Unity.VisualScripting.YamlDotNet.dll
Symbol file LoadedFromMemory doesn't match image D:\Unity - Projekte\unity-packages\Library\PackageCache\com.unity.visualscripting@1.7.8\Editor\VisualScripting.Core\Dependencies\DotNetZip\Unity.VisualScripting.IonicZip.dll
Native extension for UWP target not found
Native extension for WindowsStandalone target not found
Native extension for OSXStandalone target not found
Refreshing native plugins compatible for Editor in 0.69 ms, found 3 plugins.
Preloading 0 native plugins for Editor in 0.00 ms.
Mono: successfully reloaded assembly
- Completed reload, in  2.031 seconds
Domain Reload Profiling:
	ReloadAssembly (2032ms)
		BeginReloadAssembly (322ms)
			ExecutionOrderSort (0ms)
			DisableScriptedObjects (8ms)
			BackupInstance (0ms)
			ReleaseScriptingObjects (0ms)
			CreateAndSetChildDomain (70ms)
		EndReloadAssembly (1504ms)
			LoadAssemblies (342ms)
			RebuildTransferFunctionScriptingTraits (0ms)
			SetupTypeCache (497ms)
			ReleaseScriptCaches (2ms)
			RebuildScriptCaches (84ms)
			SetupLoadedEditorAssemblies (588ms)
				LogAssemblyErrors (0ms)
				InitializePlatformSupportModulesInManaged (32ms)
				SetLoadedEditorAssemblies (2ms)
				RefreshPlugins (1ms)
				BeforeProcessingInitializeOnLoad (119ms)
				ProcessInitializeOnLoadAttributes (366ms)
				ProcessInitializeOnLoadMethodAttributes (52ms)
				AfterProcessingInitializeOnLoad (15ms)
				EditorAssembliesLoaded (0ms)
			ExecutionOrderSort2 (0ms)
			AwakeInstancesAfterBackupRestoration (16ms)
Platform modules already initialized, skipping
Refreshing native plugins compatible for Editor in 5.55 ms, found 3 plugins.
Preloading 0 native plugins for Editor in 0.00 ms.
Unloading 3420 Unused Serialized files (Serialized files now loaded: 0)
Unloading 22 unused Assets / (386.0 KB). Loaded Objects now: 3933.
Memory consumption went from 123.2 MB to 122.8 MB.
Total: 5.210400 ms (FindLiveObjects: 0.430700 ms CreateObjectMapping: 0.333100 ms MarkObjects: 4.083000 ms  DeleteObjects: 0.361700 ms)

AssetImportParameters requested are different than current active one (requested -> active):
  custom:video-decoder-ogg-theora: a1e56fd34408186e4bbccfd4996cb3dc -> 
  custom:container-muxer-webm: aa71ff27fc2769a1b78a27578f13a17b -> 
  custom:container-demuxer-webm: 4f35f7cbe854078d1ac9338744f61a02 -> 
  custom:video-encoder-webm-vp8: eb34c28f22e8b96e1ab97ce403110664 -> 
  custom:audio-encoder-webm-vorbis: bf7c407c2cedff20999df2af8eb42d56 -> 
  custom:framework-win-MediaFoundation: 216162199b28c13a410421893ffa2e32 -> 
  custom:container-demuxer-ogg: 62fdf1f143b41e24485cea50d1cbac27 -> 
  custom:video-decoder-webm-vp8: 9c59270c3fd7afecdb556c50c9e8de78 -> 
  custom:audio-decoder-ogg-vorbis: bf7c407c2cedff20999df2af8eb42d56 -> 
========================================================================
Received Prepare
Registering precompiled user dll's ...
Registered in 0.027084 seconds.
Begin MonoManager ReloadAssembly
Symbol file LoadedFromMemory doesn't match image D:\Unity - Projekte\unity-packages\Library\PackageCache\com.unity.visualscripting@1.7.8\Editor\VisualScripting.Core\Dependencies\YamlDotNet\Unity.VisualScripting.YamlDotNet.dll
Symbol file LoadedFromMemory doesn't match image D:\Unity - Projekte\unity-packages\Library\PackageCache\com.unity.visualscripting@1.7.8\Editor\VisualScripting.Core\Dependencies\DotNetZip\Unity.VisualScripting.IonicZip.dll
Native extension for UWP target not found
Native extension for WindowsStandalone target not found
Native extension for OSXStandalone target not found
Refreshing native plugins compatible for Editor in 1.10 ms, found 3 plugins.
Preloading 0 native plugins for Editor in 0.00 ms.
Mono: successfully reloaded assembly
- Completed reload, in  2.016 seconds
Domain Reload Profiling:
	ReloadAssembly (2018ms)
		BeginReloadAssembly (330ms)
			ExecutionOrderSort (0ms)
			DisableScriptedObjects (12ms)
			BackupInstance (0ms)
			ReleaseScriptingObjects (0ms)
			CreateAndSetChildDomain (62ms)
		EndReloadAssembly (1516ms)
			LoadAssemblies (336ms)
			RebuildTransferFunctionScriptingTraits (0ms)
			SetupTypeCache (497ms)
			ReleaseScriptCaches (2ms)
			RebuildScriptCaches (82ms)
			SetupLoadedEditorAssemblies (622ms)
				LogAssemblyErrors (0ms)
				InitializePlatformSupportModulesInManaged (38ms)
				SetLoadedEditorAssemblies (2ms)
				RefreshPlugins (1ms)
				BeforeProcessingInitializeOnLoad (126ms)
				ProcessInitializeOnLoadAttributes (391ms)
				ProcessInitializeOnLoadMethodAttributes (48ms)
				AfterProcessingInitializeOnLoad (17ms)
				EditorAssembliesLoaded (0ms)
			ExecutionOrderSort2 (0ms)
			AwakeInstancesAfterBackupRestoration (13ms)
Platform modules already initialized, skipping
Refreshing native plugins compatible for Editor in 4.93 ms, found 3 plugins.
Preloading 0 native plugins for Editor in 0.00 ms.
Unloading 3420 Unused Serialized files (Serialized files now loaded: 0)
Unloading 22 unused Assets / (318.4 KB). Loaded Objects now: 3936.
Memory consumption went from 123.2 MB to 122.9 MB.
Total: 5.209800 ms (FindLiveObjects: 0.305800 ms CreateObjectMapping: 0.324400 ms MarkObjects: 4.259700 ms  DeleteObjects: 0.319000 ms)

AssetImportParameters requested are different than current active one (requested -> active):
  custom:video-decoder-ogg-theora: a1e56fd34408186e4bbccfd4996cb3dc -> 
  custom:container-muxer-webm: aa71ff27fc2769a1b78a27578f13a17b -> 
  custom:container-demuxer-webm: 4f35f7cbe854078d1ac9338744f61a02 -> 
  custom:video-encoder-webm-vp8: eb34c28f22e8b96e1ab97ce403110664 -> 
  custom:audio-encoder-webm-vorbis: bf7c407c2cedff20999df2af8eb42d56 -> 
  custom:framework-win-MediaFoundation: 216162199b28c13a410421893ffa2e32 -> 
  custom:container-demuxer-ogg: 62fdf1f143b41e24485cea50d1cbac27 -> 
  custom:video-decoder-webm-vp8: 9c59270c3fd7afecdb556c50c9e8de78 -> 
  custom:audio-decoder-ogg-vorbis: bf7c407c2cedff20999df2af8eb42d56 -> 
========================================================================
Received Import Request.
  Time since last request: 129.086043 seconds.
  path: Assets/ObjectSpawner/Samples/Models/Prefabs/PresentPrefab.prefab
  artifactKey: Guid(74985b96d1d4f1b408bb6d07741e7361) Importer(815301076,1909f56bfc062723c751e8b465ee728b)
Start importing Assets/ObjectSpawner/Samples/Models/Prefabs/PresentPrefab.prefab using Guid(74985b96d1d4f1b408bb6d07741e7361) Importer(815301076,1909f56bfc062723c751e8b465ee728b)  -> (artifact id: '3eaf5bb331affe418c0480aa018e80bf') in 0.100795 seconds 
========================================================================
Received Import Request.
  Time since last request: 2.626587 seconds.
  path: Assets/ObjectSpawner/Samples/Models/Prefabs/PresentPrefab.prefab
  artifactKey: Guid(74985b96d1d4f1b408bb6d07741e7361) Importer(815301076,1909f56bfc062723c751e8b465ee728b)
Start importing Assets/ObjectSpawner/Samples/Models/Prefabs/PresentPrefab.prefab using Guid(74985b96d1d4f1b408bb6d07741e7361) Importer(815301076,1909f56bfc062723c751e8b465ee728b)  -> (artifact id: '9271145abac37a2412924796dcd5a042') in 0.024472 seconds 
========================================================================
Received Import Request.
  Time since last request: 2.462675 seconds.
  path: Assets/ObjectSpawner/Samples/Models/Prefabs/PresentPrefab.prefab
  artifactKey: Guid(74985b96d1d4f1b408bb6d07741e7361) Importer(815301076,1909f56bfc062723c751e8b465ee728b)
Start importing Assets/ObjectSpawner/Samples/Models/Prefabs/PresentPrefab.prefab using Guid(74985b96d1d4f1b408bb6d07741e7361) Importer(815301076,1909f56bfc062723c751e8b465ee728b)  -> (artifact id: '2325f85a3ca7fb9b5ec3e6bb39963bd8') in 0.024679 seconds 
========================================================================
Received Prepare
Registering precompiled user dll's ...
Registered in 0.042726 seconds.
Begin MonoManager ReloadAssembly
Symbol file LoadedFromMemory doesn't match image D:\Unity - Projekte\unity-packages\Library\PackageCache\com.unity.visualscripting@1.7.8\Editor\VisualScripting.Core\Dependencies\YamlDotNet\Unity.VisualScripting.YamlDotNet.dll
Symbol file LoadedFromMemory doesn't match image D:\Unity - Projekte\unity-packages\Library\PackageCache\com.unity.visualscripting@1.7.8\Editor\VisualScripting.Core\Dependencies\DotNetZip\Unity.VisualScripting.IonicZip.dll
Native extension for UWP target not found
Native extension for WindowsStandalone target not found
Native extension for OSXStandalone target not found
Refreshing native plugins compatible for Editor in 0.93 ms, found 3 plugins.
Preloading 0 native plugins for Editor in 0.00 ms.
Mono: successfully reloaded assembly
- Completed reload, in  2.657 seconds
Domain Reload Profiling:
	ReloadAssembly (2658ms)
		BeginReloadAssembly (403ms)
			ExecutionOrderSort (0ms)
			DisableScriptedObjects (10ms)
			BackupInstance (0ms)
			ReleaseScriptingObjects (0ms)
			CreateAndSetChildDomain (75ms)
		EndReloadAssembly (2012ms)
			LoadAssemblies (601ms)
			RebuildTransferFunctionScriptingTraits (0ms)
			SetupTypeCache (605ms)
			ReleaseScriptCaches (3ms)
			RebuildScriptCaches (83ms)
			SetupLoadedEditorAssemblies (755ms)
				LogAssemblyErrors (0ms)
				InitializePlatformSupportModulesInManaged (36ms)
				SetLoadedEditorAssemblies (1ms)
				RefreshPlugins (1ms)
				BeforeProcessingInitializeOnLoad (182ms)
				ProcessInitializeOnLoadAttributes (476ms)
				ProcessInitializeOnLoadMethodAttributes (42ms)
				AfterProcessingInitializeOnLoad (15ms)
				EditorAssembliesLoaded (0ms)
			ExecutionOrderSort2 (0ms)
			AwakeInstancesAfterBackupRestoration (12ms)
Platform modules already initialized, skipping
Refreshing native plugins compatible for Editor in 3.83 ms, found 3 plugins.
Preloading 0 native plugins for Editor in 0.00 ms.
Unloading 3420 Unused Serialized files (Serialized files now loaded: 0)
Unloading 22 unused Assets / (386.0 KB). Loaded Objects now: 3939.
Memory consumption went from 123.3 MB to 122.9 MB.
Total: 4.903100 ms (FindLiveObjects: 0.390500 ms CreateObjectMapping: 0.377300 ms MarkObjects: 3.783200 ms  DeleteObjects: 0.350400 ms)

AssetImportParameters requested are different than current active one (requested -> active):
  custom:video-decoder-ogg-theora: a1e56fd34408186e4bbccfd4996cb3dc -> 
  custom:container-muxer-webm: aa71ff27fc2769a1b78a27578f13a17b -> 
  custom:container-demuxer-webm: 4f35f7cbe854078d1ac9338744f61a02 -> 
  custom:video-encoder-webm-vp8: eb34c28f22e8b96e1ab97ce403110664 -> 
  custom:audio-encoder-webm-vorbis: bf7c407c2cedff20999df2af8eb42d56 -> 
  custom:framework-win-MediaFoundation: 216162199b28c13a410421893ffa2e32 -> 
  custom:container-demuxer-ogg: 62fdf1f143b41e24485cea50d1cbac27 -> 
  custom:video-decoder-webm-vp8: 9c59270c3fd7afecdb556c50c9e8de78 -> 
  custom:audio-decoder-ogg-vorbis: bf7c407c2cedff20999df2af8eb42d56 -> 
========================================================================
Received Import Request.
  Time since last request: 30.688919 seconds.
  path: Assets/ObjectSpawner/Samples/Models/Prefabs/PresentPrefab.prefab
  artifactKey: Guid(74985b96d1d4f1b408bb6d07741e7361) Importer(815301076,1909f56bfc062723c751e8b465ee728b)
Start importing Assets/ObjectSpawner/Samples/Models/Prefabs/PresentPrefab.prefab using Guid(74985b96d1d4f1b408bb6d07741e7361) Importer(815301076,1909f56bfc062723c751e8b465ee728b)  -> (artifact id: '034924fac94af7fc657478750a5f1906') in 0.113758 seconds 
========================================================================
Received Prepare
Registering precompiled user dll's ...
Registered in 0.032564 seconds.
Begin MonoManager ReloadAssembly
Symbol file LoadedFromMemory doesn't match image D:\Unity - Projekte\unity-packages\Library\PackageCache\com.unity.visualscripting@1.7.8\Editor\VisualScripting.Core\Dependencies\YamlDotNet\Unity.VisualScripting.YamlDotNet.dll
Symbol file LoadedFromMemory doesn't match image D:\Unity - Projekte\unity-packages\Library\PackageCache\com.unity.visualscripting@1.7.8\Editor\VisualScripting.Core\Dependencies\DotNetZip\Unity.VisualScripting.IonicZip.dll
Native extension for UWP target not found
Native extension for WindowsStandalone target not found
Native extension for OSXStandalone target not found
Refreshing native plugins compatible for Editor in 1.51 ms, found 3 plugins.
Preloading 0 native plugins for Editor in 0.00 ms.
Mono: successfully reloaded assembly
- Completed reload, in  2.003 seconds
Domain Reload Profiling:
	ReloadAssembly (2003ms)
		BeginReloadAssembly (369ms)
			ExecutionOrderSort (0ms)
			DisableScriptedObjects (9ms)
			BackupInstance (0ms)
			ReleaseScriptingObjects (0ms)
			CreateAndSetChildDomain (78ms)
		EndReloadAssembly (1398ms)
			LoadAssemblies (407ms)
			RebuildTransferFunctionScriptingTraits (0ms)
			SetupTypeCache (477ms)
			ReleaseScriptCaches (2ms)
			RebuildScriptCaches (70ms)
			SetupLoadedEditorAssemblies (503ms)
				LogAssemblyErrors (0ms)
				InitializePlatformSupportModulesInManaged (33ms)
				SetLoadedEditorAssemblies (1ms)
				RefreshPlugins (2ms)
				BeforeProcessingInitializeOnLoad (106ms)
				ProcessInitializeOnLoadAttributes (310ms)
				ProcessInitializeOnLoadMethodAttributes (39ms)
				AfterProcessingInitializeOnLoad (13ms)
				EditorAssembliesLoaded (0ms)
			ExecutionOrderSort2 (0ms)
			AwakeInstancesAfterBackupRestoration (13ms)
Platform modules already initialized, skipping
Refreshing native plugins compatible for Editor in 4.24 ms, found 3 plugins.
Preloading 0 native plugins for Editor in 0.00 ms.
Unloading 3420 Unused Serialized files (Serialized files now loaded: 0)
Unloading 22 unused Assets / (318.5 KB). Loaded Objects now: 3942.
Memory consumption went from 123.1 MB to 122.8 MB.
Total: 3.231900 ms (FindLiveObjects: 0.284100 ms CreateObjectMapping: 0.295600 ms MarkObjects: 2.399000 ms  DeleteObjects: 0.252300 ms)

AssetImportParameters requested are different than current active one (requested -> active):
  custom:video-decoder-ogg-theora: a1e56fd34408186e4bbccfd4996cb3dc -> 
  custom:container-muxer-webm: aa71ff27fc2769a1b78a27578f13a17b -> 
  custom:container-demuxer-webm: 4f35f7cbe854078d1ac9338744f61a02 -> 
  custom:video-encoder-webm-vp8: eb34c28f22e8b96e1ab97ce403110664 -> 
  custom:audio-encoder-webm-vorbis: bf7c407c2cedff20999df2af8eb42d56 -> 
  custom:framework-win-MediaFoundation: 216162199b28c13a410421893ffa2e32 -> 
  custom:container-demuxer-ogg: 62fdf1f143b41e24485cea50d1cbac27 -> 
  custom:video-decoder-webm-vp8: 9c59270c3fd7afecdb556c50c9e8de78 -> 
  custom:audio-decoder-ogg-vorbis: bf7c407c2cedff20999df2af8eb42d56 -> 
========================================================================
Received Import Request.
  Time since last request: 19.613056 seconds.
  path: Assets/ObjectSpawner/Samples/Models/Prefabs/PresentPrefab.prefab
  artifactKey: Guid(74985b96d1d4f1b408bb6d07741e7361) Importer(815301076,1909f56bfc062723c751e8b465ee728b)
Start importing Assets/ObjectSpawner/Samples/Models/Prefabs/PresentPrefab.prefab using Guid(74985b96d1d4f1b408bb6d07741e7361) Importer(815301076,1909f56bfc062723c751e8b465ee728b)  -> (artifact id: '0a121a756147d678b27f24d8398e9688') in 0.124726 seconds 
========================================================================
Received Prepare
Registering precompiled user dll's ...
Registered in 0.036082 seconds.
Begin MonoManager ReloadAssembly
Symbol file LoadedFromMemory doesn't match image D:\Unity - Projekte\unity-packages\Library\PackageCache\com.unity.visualscripting@1.7.8\Editor\VisualScripting.Core\Dependencies\YamlDotNet\Unity.VisualScripting.YamlDotNet.dll
Symbol file LoadedFromMemory doesn't match image D:\Unity - Projekte\unity-packages\Library\PackageCache\com.unity.visualscripting@1.7.8\Editor\VisualScripting.Core\Dependencies\DotNetZip\Unity.VisualScripting.IonicZip.dll
Native extension for UWP target not found
Native extension for WindowsStandalone target not found
Native extension for OSXStandalone target not found
Refreshing native plugins compatible for Editor in 0.63 ms, found 3 plugins.
Preloading 0 native plugins for Editor in 0.00 ms.
Mono: successfully reloaded assembly
- Completed reload, in  1.995 seconds
Domain Reload Profiling:
	ReloadAssembly (1996ms)
		BeginReloadAssembly (323ms)
			ExecutionOrderSort (0ms)
			DisableScriptedObjects (8ms)
			BackupInstance (0ms)
			ReleaseScriptingObjects (0ms)
			CreateAndSetChildDomain (63ms)
		EndReloadAssembly (1478ms)
			LoadAssemblies (351ms)
			RebuildTransferFunctionScriptingTraits (0ms)
			SetupTypeCache (493ms)
			ReleaseScriptCaches (2ms)
			RebuildScriptCaches (72ms)
			SetupLoadedEditorAssemblies (599ms)
				LogAssemblyErrors (0ms)
				InitializePlatformSupportModulesInManaged (32ms)
				SetLoadedEditorAssemblies (0ms)
				RefreshPlugins (1ms)
				BeforeProcessingInitializeOnLoad (125ms)
				ProcessInitializeOnLoadAttributes (373ms)
				ProcessInitializeOnLoadMethodAttributes (49ms)
				AfterProcessingInitializeOnLoad (18ms)
				EditorAssembliesLoaded (0ms)
			ExecutionOrderSort2 (0ms)
			AwakeInstancesAfterBackupRestoration (14ms)
Platform modules already initialized, skipping
Refreshing native plugins compatible for Editor in 4.54 ms, found 3 plugins.
Preloading 0 native plugins for Editor in 0.00 ms.
Unloading 3420 Unused Serialized files (Serialized files now loaded: 0)
Unloading 22 unused Assets / (385.9 KB). Loaded Objects now: 3945.
Memory consumption went from 123.3 MB to 122.9 MB.
Total: 4.180900 ms (FindLiveObjects: 0.287900 ms CreateObjectMapping: 0.426600 ms MarkObjects: 3.213100 ms  DeleteObjects: 0.252300 ms)

AssetImportParameters requested are different than current active one (requested -> active):
  custom:video-decoder-ogg-theora: a1e56fd34408186e4bbccfd4996cb3dc -> 
  custom:container-muxer-webm: aa71ff27fc2769a1b78a27578f13a17b -> 
  custom:container-demuxer-webm: 4f35f7cbe854078d1ac9338744f61a02 -> 
  custom:video-encoder-webm-vp8: eb34c28f22e8b96e1ab97ce403110664 -> 
  custom:audio-encoder-webm-vorbis: bf7c407c2cedff20999df2af8eb42d56 -> 
  custom:framework-win-MediaFoundation: 216162199b28c13a410421893ffa2e32 -> 
  custom:container-demuxer-ogg: 62fdf1f143b41e24485cea50d1cbac27 -> 
  custom:video-decoder-webm-vp8: 9c59270c3fd7afecdb556c50c9e8de78 -> 
  custom:audio-decoder-ogg-vorbis: bf7c407c2cedff20999df2af8eb42d56 -> 
========================================================================
Received Import Request.
  Time since last request: 45.715827 seconds.
  path: Assets/ObjectSpawner/Samples/Models/Prefabs/PresentPrefab.prefab
  artifactKey: Guid(74985b96d1d4f1b408bb6d07741e7361) Importer(815301076,1909f56bfc062723c751e8b465ee728b)
Start importing Assets/ObjectSpawner/Samples/Models/Prefabs/PresentPrefab.prefab using Guid(74985b96d1d4f1b408bb6d07741e7361) Importer(815301076,1909f56bfc062723c751e8b465ee728b)  -> (artifact id: '067a62afe4a20b455144de5c79feda71') in 0.102607 seconds 
========================================================================
Received Prepare
Registering precompiled user dll's ...
Registered in 0.027350 seconds.
Begin MonoManager ReloadAssembly
Symbol file LoadedFromMemory doesn't match image D:\Unity - Projekte\unity-packages\Library\PackageCache\com.unity.visualscripting@1.7.8\Editor\VisualScripting.Core\Dependencies\YamlDotNet\Unity.VisualScripting.YamlDotNet.dll
Symbol file LoadedFromMemory doesn't match image D:\Unity - Projekte\unity-packages\Library\PackageCache\com.unity.visualscripting@1.7.8\Editor\VisualScripting.Core\Dependencies\DotNetZip\Unity.VisualScripting.IonicZip.dll
Native extension for UWP target not found
Native extension for WindowsStandalone target not found
Native extension for OSXStandalone target not found
Refreshing native plugins compatible for Editor in 0.96 ms, found 3 plugins.
Preloading 0 native plugins for Editor in 0.00 ms.
Mono: successfully reloaded assembly
- Completed reload, in  2.026 seconds
Domain Reload Profiling:
	ReloadAssembly (2027ms)
		BeginReloadAssembly (318ms)
			ExecutionOrderSort (0ms)
			DisableScriptedObjects (7ms)
			BackupInstance (0ms)
			ReleaseScriptingObjects (0ms)
			CreateAndSetChildDomain (64ms)
		EndReloadAssembly (1514ms)
			LoadAssemblies (349ms)
			RebuildTransferFunctionScriptingTraits (0ms)
			SetupTypeCache (484ms)
			ReleaseScriptCaches (2ms)
			RebuildScriptCaches (89ms)
			SetupLoadedEditorAssemblies (617ms)
				LogAssemblyErrors (0ms)
				InitializePlatformSupportModulesInManaged (29ms)
				SetLoadedEditorAssemblies (1ms)
				RefreshPlugins (1ms)
				BeforeProcessingInitializeOnLoad (126ms)
				ProcessInitializeOnLoadAttributes (392ms)
				ProcessInitializeOnLoadMethodAttributes (50ms)
				AfterProcessingInitializeOnLoad (16ms)
				EditorAssembliesLoaded (0ms)
			ExecutionOrderSort2 (0ms)
			AwakeInstancesAfterBackupRestoration (14ms)
Platform modules already initialized, skipping
Refreshing native plugins compatible for Editor in 4.24 ms, found 3 plugins.
Preloading 0 native plugins for Editor in 0.00 ms.
Unloading 3420 Unused Serialized files (Serialized files now loaded: 0)
Unloading 22 unused Assets / (386.0 KB). Loaded Objects now: 3948.
Memory consumption went from 123.3 MB to 122.9 MB.
Total: 7.773200 ms (FindLiveObjects: 0.314900 ms CreateObjectMapping: 0.422500 ms MarkObjects: 6.618000 ms  DeleteObjects: 0.416700 ms)

AssetImportParameters requested are different than current active one (requested -> active):
  custom:video-decoder-ogg-theora: a1e56fd34408186e4bbccfd4996cb3dc -> 
  custom:container-muxer-webm: aa71ff27fc2769a1b78a27578f13a17b -> 
  custom:container-demuxer-webm: 4f35f7cbe854078d1ac9338744f61a02 -> 
  custom:video-encoder-webm-vp8: eb34c28f22e8b96e1ab97ce403110664 -> 
  custom:audio-encoder-webm-vorbis: bf7c407c2cedff20999df2af8eb42d56 -> 
  custom:framework-win-MediaFoundation: 216162199b28c13a410421893ffa2e32 -> 
  custom:container-demuxer-ogg: 62fdf1f143b41e24485cea50d1cbac27 -> 
  custom:video-decoder-webm-vp8: 9c59270c3fd7afecdb556c50c9e8de78 -> 
  custom:audio-decoder-ogg-vorbis: bf7c407c2cedff20999df2af8eb42d56 -> 
========================================================================
Received Prepare
Registering precompiled user dll's ...
Registered in 0.026446 seconds.
Begin MonoManager ReloadAssembly
Symbol file LoadedFromMemory doesn't match image D:\Unity - Projekte\unity-packages\Library\PackageCache\com.unity.visualscripting@1.7.8\Editor\VisualScripting.Core\Dependencies\YamlDotNet\Unity.VisualScripting.YamlDotNet.dll
Symbol file LoadedFromMemory doesn't match image D:\Unity - Projekte\unity-packages\Library\PackageCache\com.unity.visualscripting@1.7.8\Editor\VisualScripting.Core\Dependencies\DotNetZip\Unity.VisualScripting.IonicZip.dll
Native extension for UWP target not found
Native extension for WindowsStandalone target not found
Native extension for OSXStandalone target not found
Refreshing native plugins compatible for Editor in 0.59 ms, found 3 plugins.
Preloading 0 native plugins for Editor in 0.00 ms.
Mono: successfully reloaded assembly
- Completed reload, in  2.002 seconds
Domain Reload Profiling:
	ReloadAssembly (2004ms)
		BeginReloadAssembly (313ms)
			ExecutionOrderSort (0ms)
			DisableScriptedObjects (9ms)
			BackupInstance (0ms)
			ReleaseScriptingObjects (0ms)
			CreateAndSetChildDomain (62ms)
		EndReloadAssembly (1502ms)
			LoadAssemblies (333ms)
			RebuildTransferFunctionScriptingTraits (0ms)
			SetupTypeCache (500ms)
			ReleaseScriptCaches (2ms)
			RebuildScriptCaches (73ms)
			SetupLoadedEditorAssemblies (614ms)
				LogAssemblyErrors (0ms)
				InitializePlatformSupportModulesInManaged (31ms)
				SetLoadedEditorAssemblies (1ms)
				RefreshPlugins (1ms)
				BeforeProcessingInitializeOnLoad (122ms)
				ProcessInitializeOnLoadAttributes (393ms)
				ProcessInitializeOnLoadMethodAttributes (52ms)
				AfterProcessingInitializeOnLoad (15ms)
				EditorAssembliesLoaded (0ms)
			ExecutionOrderSort2 (0ms)
			AwakeInstancesAfterBackupRestoration (15ms)
Platform modules already initialized, skipping
Refreshing native plugins compatible for Editor in 6.62 ms, found 3 plugins.
Preloading 0 native plugins for Editor in 0.00 ms.
Unloading 3420 Unused Serialized files (Serialized files now loaded: 0)
Unloading 22 unused Assets / (385.9 KB). Loaded Objects now: 3951.
Memory consumption went from 123.2 MB to 122.8 MB.
Total: 4.523500 ms (FindLiveObjects: 0.430200 ms CreateObjectMapping: 0.230300 ms MarkObjects: 3.524900 ms  DeleteObjects: 0.336800 ms)

AssetImportParameters requested are different than current active one (requested -> active):
  custom:video-decoder-ogg-theora: a1e56fd34408186e4bbccfd4996cb3dc -> 
  custom:container-muxer-webm: aa71ff27fc2769a1b78a27578f13a17b -> 
  custom:container-demuxer-webm: 4f35f7cbe854078d1ac9338744f61a02 -> 
  custom:video-encoder-webm-vp8: eb34c28f22e8b96e1ab97ce403110664 -> 
  custom:audio-encoder-webm-vorbis: bf7c407c2cedff20999df2af8eb42d56 -> 
  custom:framework-win-MediaFoundation: 216162199b28c13a410421893ffa2e32 -> 
  custom:container-demuxer-ogg: 62fdf1f143b41e24485cea50d1cbac27 -> 
  custom:video-decoder-webm-vp8: 9c59270c3fd7afecdb556c50c9e8de78 -> 
  custom:audio-decoder-ogg-vorbis: bf7c407c2cedff20999df2af8eb42d56 -> 
========================================================================
Received Import Request.
  Time since last request: 148.339959 seconds.
  path: Assets/ObjectSpawner/Models
  artifactKey: Guid(aa9123abd7dea0847ab9a099c469a7d5) Importer(815301076,1909f56bfc062723c751e8b465ee728b)
Start importing Assets/ObjectSpawner/Models using Guid(aa9123abd7dea0847ab9a099c469a7d5) Importer(815301076,1909f56bfc062723c751e8b465ee728b)  -> (artifact id: 'fd135c24c75a1acf946466c9d6a6c1f7') in 0.015724 seconds 
========================================================================
Received Import Request.
  Time since last request: 11.557613 seconds.
  path: Assets/ObjectSpawner/Models/Prefabs
  artifactKey: Guid(0464a9d5c47cad241839a0de810b57fe) Importer(815301076,1909f56bfc062723c751e8b465ee728b)
Start importing Assets/ObjectSpawner/Models/Prefabs using Guid(0464a9d5c47cad241839a0de810b57fe) Importer(815301076,1909f56bfc062723c751e8b465ee728b)  -> (artifact id: '8dc14ea748b5383e12b4ea74f21f5bf8') in 0.009601 seconds 
========================================================================
Received Import Request.
  Time since last request: 5.228623 seconds.
  path: Assets/ScriptableOutline/Scripts
  artifactKey: Guid(cd6084eaa9008487a89b82131b3759bb) Importer(815301076,1909f56bfc062723c751e8b465ee728b)
Start importing Assets/ScriptableOutline/Scripts using Guid(cd6084eaa9008487a89b82131b3759bb) Importer(815301076,1909f56bfc062723c751e8b465ee728b)  -> (artifact id: 'ba645458847360d87b5b75f4847e6865') in 0.007558 seconds 
========================================================================
Received Import Request.
  Time since last request: 0.350905 seconds.
  path: Assets/ScriptableOutline/Samples
  artifactKey: Guid(7e6d21b0e97a141e1b74c693e59bdb7d) Importer(815301076,1909f56bfc062723c751e8b465ee728b)
Start importing Assets/ScriptableOutline/Samples using Guid(7e6d21b0e97a141e1b74c693e59bdb7d) Importer(815301076,1909f56bfc062723c751e8b465ee728b)  -> (artifact id: '92f402067f8d3f39cab557175a502514') in 0.007914 seconds 
========================================================================
Received Import Request.
  Time since last request: 0.676288 seconds.
  path: Assets/ScriptableOutline/Samples/Models
  artifactKey: Guid(a39019f250a03405abb09c5d6a48397f) Importer(815301076,1909f56bfc062723c751e8b465ee728b)
Start importing Assets/ScriptableOutline/Samples/Models using Guid(a39019f250a03405abb09c5d6a48397f) Importer(815301076,1909f56bfc062723c751e8b465ee728b)  -> (artifact id: 'b0b10bed67c4bc09172400ac3e05bdb8') in 0.008112 seconds 
========================================================================
Received Import Request.
  Time since last request: 0.980531 seconds.
  path: Assets/ScriptableOutline/Samples/Models/Prefabs
  artifactKey: Guid(c0fed2c3de5f04c5e95c79b79f76747a) Importer(815301076,1909f56bfc062723c751e8b465ee728b)
Start importing Assets/ScriptableOutline/Samples/Models/Prefabs using Guid(c0fed2c3de5f04c5e95c79b79f76747a) Importer(815301076,1909f56bfc062723c751e8b465ee728b)  -> (artifact id: '4a3136eb2288106f490eab091423ef94') in 0.008496 seconds 
========================================================================
Received Import Request.
  Time since last request: 2.122079 seconds.
  path: Assets/ScriptableOutline/Resources
  artifactKey: Guid(b387b7f946da64e8e98348a3244cfaf7) Importer(815301076,1909f56bfc062723c751e8b465ee728b)
Start importing Assets/ScriptableOutline/Resources using Guid(b387b7f946da64e8e98348a3244cfaf7) Importer(815301076,1909f56bfc062723c751e8b465ee728b)  -> (artifact id: '12a7006ed542f0b6f41f1f721c6e1792') in 0.007485 seconds 
========================================================================
Received Import Request.
  Time since last request: 10.402985 seconds.
  path: Assets/ObjectSpawner/Documentation
  artifactKey: Guid(188e71c4e424bea4b9908f479a6f52e7) Importer(815301076,1909f56bfc062723c751e8b465ee728b)
Start importing Assets/ObjectSpawner/Documentation using Guid(188e71c4e424bea4b9908f479a6f52e7) Importer(815301076,1909f56bfc062723c751e8b465ee728b)  -> (artifact id: '15685f256e6d619f24fcb175ca786afc') in 0.010301 seconds 
========================================================================
Received Import Request.
  Time since last request: 4.066467 seconds.
  path: Assets/ObjectSpawner/Resources/Materials
  artifactKey: Guid(34830dc9fd76c5241904060d1c7a0895) Importer(815301076,1909f56bfc062723c751e8b465ee728b)
Start importing Assets/ObjectSpawner/Resources/Materials using Guid(34830dc9fd76c5241904060d1c7a0895) Importer(815301076,1909f56bfc062723c751e8b465ee728b)  -> (artifact id: 'aaa7e28115388c18b26426fec5eb9a30') in 0.008563 seconds 
========================================================================
Received Import Request.
  Time since last request: 0.029000 seconds.
  path: Assets/ObjectSpawner/Resources/Materials/2DOutline.mat
  artifactKey: Guid(fbd753a7c148eb64a956498453b465f0) Importer(815301076,1909f56bfc062723c751e8b465ee728b)
Start importing Assets/ObjectSpawner/Resources/Materials/2DOutline.mat using Guid(fbd753a7c148eb64a956498453b465f0) Importer(815301076,1909f56bfc062723c751e8b465ee728b)  -> (artifact id: '88b9753a46d9205269eedf3069b59aa7') in 0.113829 seconds 
========================================================================
Received Import Request.
  Time since last request: 8.736720 seconds.
  path: Assets/ObjectSpawner/Resources/Shaders
  artifactKey: Guid(d63414582c6892e44b1db559a1d99b64) Importer(815301076,1909f56bfc062723c751e8b465ee728b)
Start importing Assets/ObjectSpawner/Resources/Shaders using Guid(d63414582c6892e44b1db559a1d99b64) Importer(815301076,1909f56bfc062723c751e8b465ee728b)  -> (artifact id: 'a5e158cbcb62d18e9091db5151a2adef') in 0.008535 seconds 
========================================================================
Received Import Request.
  Time since last request: 442.154272 seconds.
  path: Assets/ObjectSpawner/package.json
  artifactKey: Guid(858cfec0d469d492e9cfbc2679793d38) Importer(815301076,1909f56bfc062723c751e8b465ee728b)
Start importing Assets/ObjectSpawner/package.json using Guid(858cfec0d469d492e9cfbc2679793d38) Importer(815301076,1909f56bfc062723c751e8b465ee728b)  -> (artifact id: '5f02811525d75f8c404682c16d720966') in 0.031508 seconds 
========================================================================
Received Import Request.
  Time since last request: 1040.295178 seconds.
  path: Assets/ObjectSpawner
  artifactKey: Guid(bcf4986ea68efbb449d771c0a71735fb) Importer(815301076,1909f56bfc062723c751e8b465ee728b)
Start importing Assets/ObjectSpawner using Guid(bcf4986ea68efbb449d771c0a71735fb) Importer(815301076,1909f56bfc062723c751e8b465ee728b)  -> (artifact id: 'e59bd75af173038bc01cfa993861a17a') in 0.011022 seconds 
========================================================================
Received Import Request.
  Time since last request: 454.444685 seconds.
  path: Assets/ObjectSpawner/Samples/SpawnerScene.unity
  artifactKey: Guid(9c0577ab34c56af48ae947f21eb6d856) Importer(815301076,1909f56bfc062723c751e8b465ee728b)
Start importing Assets/ObjectSpawner/Samples/SpawnerScene.unity using Guid(9c0577ab34c56af48ae947f21eb6d856) Importer(815301076,1909f56bfc062723c751e8b465ee728b)  -> (artifact id: '9e9dfec57a2c72e8e8a71386b3fd38b4') in 0.015511 seconds 
========================================================================
Received Import Request.
  Time since last request: 5.878763 seconds.
  path: Assets/Scenes
  artifactKey: Guid(6ea315d0fd7389c41b19996891e99ae3) Importer(815301076,1909f56bfc062723c751e8b465ee728b)
Start importing Assets/Scenes using Guid(6ea315d0fd7389c41b19996891e99ae3) Importer(815301076,1909f56bfc062723c751e8b465ee728b)  -> (artifact id: 'bc172811d573b296104adb4d2728db37') in 0.013125 seconds 
========================================================================
Received Import Request.
  Time since last request: 0.625581 seconds.
  path: Assets/Scenes/SampleScene.unity
  artifactKey: Guid(9fc0d4010bbf28b4594072e72b8655ab) Importer(815301076,1909f56bfc062723c751e8b465ee728b)
Start importing Assets/Scenes/SampleScene.unity using Guid(9fc0d4010bbf28b4594072e72b8655ab) Importer(815301076,1909f56bfc062723c751e8b465ee728b)  -> (artifact id: '8f2dbbc1cedfd0107ca1ad38e8220053') in 0.008790 seconds 
========================================================================
Received Import Request.
  Time since last request: 46.289302 seconds.
  path: Assets/ObjectSpawner/Scripts/ObjectDistance.cs
  artifactKey: Guid(480b43e73c2e18046aafd242897c970f) Importer(815301076,1909f56bfc062723c751e8b465ee728b)
Start importing Assets/ObjectSpawner/Scripts/ObjectDistance.cs using Guid(480b43e73c2e18046aafd242897c970f) Importer(815301076,1909f56bfc062723c751e8b465ee728b)  -> (artifact id: 'cccc0e9ef78e0d64881d4232cacdb07d') in 0.014269 seconds 
========================================================================
Received Import Request.
  Time since last request: 0.040014 seconds.
  path: Assets/ObjectSpawner/Scripts/ObjectsSpawner.cs
  artifactKey: Guid(e06b0b7ef282da54c8adbe3385f156c9) Importer(815301076,1909f56bfc062723c751e8b465ee728b)
Start importing Assets/ObjectSpawner/Scripts/ObjectsSpawner.cs using Guid(e06b0b7ef282da54c8adbe3385f156c9) Importer(815301076,1909f56bfc062723c751e8b465ee728b)  -> (artifact id: 'c2b0048b5ebdd84b195cdaed637cdafa') in 0.102142 seconds 
========================================================================
Received Import Request.
  Time since last request: 0.000025 seconds.
  path: Assets/ObjectSpawner/LICENSE
  artifactKey: Guid(09a96984a9c7422ebaabc259b71b0ea9) Importer(815301076,1909f56bfc062723c751e8b465ee728b)
Start importing Assets/ObjectSpawner/LICENSE using Guid(09a96984a9c7422ebaabc259b71b0ea9) Importer(815301076,1909f56bfc062723c751e8b465ee728b)  -> (artifact id: 'd1e3dc530244e642ec5d971454b69a53') in 0.016830 seconds 
========================================================================
Received Import Request.
  Time since last request: 0.000046 seconds.
  path: Assets/ObjectSpawner/Samples/Materials/Ground.mat
  artifactKey: Guid(ff24fea4ff04c6947807e7b9abff9afa) Importer(815301076,1909f56bfc062723c751e8b465ee728b)
Start importing Assets/ObjectSpawner/Samples/Materials/Ground.mat using Guid(ff24fea4ff04c6947807e7b9abff9afa) Importer(815301076,1909f56bfc062723c751e8b465ee728b)  -> (artifact id: 'a3b30cb61bddf80e3298b173b6fada56') in 0.054331 seconds 
========================================================================
Received Import Request.
  Time since last request: 0.046743 seconds.
  path: Assets/ObjectSpawner/Documentation/Readme.md
  artifactKey: Guid(0fce3fdfb81d3164090a4c10ae08a32c) Importer(815301076,1909f56bfc062723c751e8b465ee728b)
Start importing Assets/ObjectSpawner/Documentation/Readme.md using Guid(0fce3fdfb81d3164090a4c10ae08a32c) Importer(815301076,1909f56bfc062723c751e8b465ee728b)  -> (artifact id: 'd916c91cd8b8bfd7f160eaa809aba1e2') in 0.010893 seconds 
========================================================================
Received Import Request.
  Time since last request: 68.006682 seconds.
  path: Assets/ObjectSpawner 1
  artifactKey: Guid(7a0a0448252a5e54fa14cbd42ff3d9f7) Importer(815301076,1909f56bfc062723c751e8b465ee728b)
Start importing Assets/ObjectSpawner 1 using Guid(7a0a0448252a5e54fa14cbd42ff3d9f7) Importer(815301076,1909f56bfc062723c751e8b465ee728b)  -> (artifact id: '088e377164d8f634bda0e711da50d693') in 0.011361 seconds 
========================================================================
Received Import Request.
  Time since last request: 5.694307 seconds.
  path: Assets/ObjectHolder
  artifactKey: Guid(7a0a0448252a5e54fa14cbd42ff3d9f7) Importer(815301076,1909f56bfc062723c751e8b465ee728b)
Start importing Assets/ObjectHolder using Guid(7a0a0448252a5e54fa14cbd42ff3d9f7) Importer(815301076,1909f56bfc062723c751e8b465ee728b)  -> (artifact id: '1b7af69a988877689657d1eeb3b6b352') in 0.009472 seconds 
========================================================================
Received Import Request.
  Time since last request: 15.131752 seconds.
  path: Assets/ObjectHolder/Scripts
  artifactKey: Guid(d54df6ceff8c36b4da3f07f60555b79b) Importer(815301076,1909f56bfc062723c751e8b465ee728b)
Start importing Assets/ObjectHolder/Scripts using Guid(d54df6ceff8c36b4da3f07f60555b79b) Importer(815301076,1909f56bfc062723c751e8b465ee728b)  -> (artifact id: '958b543180947bf27228d5388aff3c72') in 0.008388 seconds 
========================================================================
Received Import Request.
  Time since last request: 0.738742 seconds.
  path: Assets/ObjectHolder/Scripts/ObjectDistance.cs
  artifactKey: Guid(80ca8abbc4cd63a44a10a9b474d70087) Importer(815301076,1909f56bfc062723c751e8b465ee728b)
Start importing Assets/ObjectHolder/Scripts/ObjectDistance.cs using Guid(80ca8abbc4cd63a44a10a9b474d70087) Importer(815301076,1909f56bfc062723c751e8b465ee728b)  -> (artifact id: '6d9c215929c7f6a1ef2c979e87bae251') in 0.008492 seconds 
========================================================================
Received Prepare
Registering precompiled user dll's ...
Registered in 0.031453 seconds.
Begin MonoManager ReloadAssembly
Symbol file LoadedFromMemory doesn't match image D:\Unity - Projekte\unity-packages\Library\PackageCache\com.unity.visualscripting@1.7.8\Editor\VisualScripting.Core\Dependencies\YamlDotNet\Unity.VisualScripting.YamlDotNet.dll
Symbol file LoadedFromMemory doesn't match image D:\Unity - Projekte\unity-packages\Library\PackageCache\com.unity.visualscripting@1.7.8\Editor\VisualScripting.Core\Dependencies\DotNetZip\Unity.VisualScripting.IonicZip.dll
Native extension for UWP target not found
Native extension for WindowsStandalone target not found
Native extension for OSXStandalone target not found
Refreshing native plugins compatible for Editor in 0.97 ms, found 3 plugins.
Preloading 0 native plugins for Editor in 0.00 ms.
Mono: successfully reloaded assembly
- Completed reload, in  1.625 seconds
Domain Reload Profiling:
	ReloadAssembly (1626ms)
		BeginReloadAssembly (311ms)
			ExecutionOrderSort (0ms)
			DisableScriptedObjects (7ms)
			BackupInstance (0ms)
			ReleaseScriptingObjects (0ms)
			CreateAndSetChildDomain (92ms)
		EndReloadAssembly (1167ms)
			LoadAssemblies (270ms)
			RebuildTransferFunctionScriptingTraits (0ms)
			SetupTypeCache (386ms)
			ReleaseScriptCaches (1ms)
			RebuildScriptCaches (60ms)
			SetupLoadedEditorAssemblies (476ms)
				LogAssemblyErrors (0ms)
				InitializePlatformSupportModulesInManaged (23ms)
				SetLoadedEditorAssemblies (1ms)
				RefreshPlugins (1ms)
				BeforeProcessingInitializeOnLoad (92ms)
				ProcessInitializeOnLoadAttributes (307ms)
				ProcessInitializeOnLoadMethodAttributes (37ms)
				AfterProcessingInitializeOnLoad (14ms)
				EditorAssembliesLoaded (0ms)
			ExecutionOrderSort2 (0ms)
			AwakeInstancesAfterBackupRestoration (11ms)
Platform modules already initialized, skipping
Refreshing native plugins compatible for Editor in 3.82 ms, found 3 plugins.
Preloading 0 native plugins for Editor in 0.00 ms.
Unloading 3418 Unused Serialized files (Serialized files now loaded: 0)
Unloading 21 unused Assets / (78.9 KB). Loaded Objects now: 3954.
Memory consumption went from 122.8 MB to 122.8 MB.
Total: 3.747500 ms (FindLiveObjects: 0.302700 ms CreateObjectMapping: 0.261500 ms MarkObjects: 3.057200 ms  DeleteObjects: 0.125000 ms)

AssetImportParameters requested are different than current active one (requested -> active):
  custom:video-decoder-ogg-theora: a1e56fd34408186e4bbccfd4996cb3dc -> 
  custom:container-muxer-webm: aa71ff27fc2769a1b78a27578f13a17b -> 
  custom:container-demuxer-webm: 4f35f7cbe854078d1ac9338744f61a02 -> 
  custom:video-encoder-webm-vp8: eb34c28f22e8b96e1ab97ce403110664 -> 
  custom:audio-encoder-webm-vorbis: bf7c407c2cedff20999df2af8eb42d56 -> 
  custom:framework-win-MediaFoundation: 216162199b28c13a410421893ffa2e32 -> 
  custom:container-demuxer-ogg: 62fdf1f143b41e24485cea50d1cbac27 -> 
  custom:video-decoder-webm-vp8: 9c59270c3fd7afecdb556c50c9e8de78 -> 
  custom:audio-decoder-ogg-vorbis: bf7c407c2cedff20999df2af8eb42d56 -> 
========================================================================
Received Prepare
Registering precompiled user dll's ...
Registered in 0.030094 seconds.
Begin MonoManager ReloadAssembly
Symbol file LoadedFromMemory doesn't match image D:\Unity - Projekte\unity-packages\Library\PackageCache\com.unity.visualscripting@1.7.8\Editor\VisualScripting.Core\Dependencies\YamlDotNet\Unity.VisualScripting.YamlDotNet.dll
Symbol file LoadedFromMemory doesn't match image D:\Unity - Projekte\unity-packages\Library\PackageCache\com.unity.visualscripting@1.7.8\Editor\VisualScripting.Core\Dependencies\DotNetZip\Unity.VisualScripting.IonicZip.dll
Native extension for UWP target not found
Native extension for WindowsStandalone target not found
Native extension for OSXStandalone target not found
Refreshing native plugins compatible for Editor in 0.87 ms, found 3 plugins.
Preloading 0 native plugins for Editor in 0.00 ms.
Mono: successfully reloaded assembly
- Completed reload, in  1.530 seconds
Domain Reload Profiling:
	ReloadAssembly (1531ms)
		BeginReloadAssembly (248ms)
			ExecutionOrderSort (0ms)
			DisableScriptedObjects (7ms)
			BackupInstance (0ms)
			ReleaseScriptingObjects (0ms)
			CreateAndSetChildDomain (45ms)
		EndReloadAssembly (1132ms)
			LoadAssemblies (267ms)
			RebuildTransferFunctionScriptingTraits (0ms)
			SetupTypeCache (362ms)
			ReleaseScriptCaches (1ms)
			RebuildScriptCaches (65ms)
			SetupLoadedEditorAssemblies (461ms)
				LogAssemblyErrors (0ms)
				InitializePlatformSupportModulesInManaged (24ms)
				SetLoadedEditorAssemblies (1ms)
				RefreshPlugins (1ms)
				BeforeProcessingInitializeOnLoad (91ms)
				ProcessInitializeOnLoadAttributes (292ms)
				ProcessInitializeOnLoadMethodAttributes (39ms)
				AfterProcessingInitializeOnLoad (13ms)
				EditorAssembliesLoaded (0ms)
			ExecutionOrderSort2 (0ms)
			AwakeInstancesAfterBackupRestoration (11ms)
Platform modules already initialized, skipping
Refreshing native plugins compatible for Editor in 3.24 ms, found 3 plugins.
Preloading 0 native plugins for Editor in 0.00 ms.
Unloading 3419 Unused Serialized files (Serialized files now loaded: 0)
Unloading 20 unused Assets / (78.8 KB). Loaded Objects now: 3958.
Memory consumption went from 122.9 MB to 122.8 MB.
Total: 3.020900 ms (FindLiveObjects: 0.299400 ms CreateObjectMapping: 0.272800 ms MarkObjects: 2.281600 ms  DeleteObjects: 0.166100 ms)

AssetImportParameters requested are different than current active one (requested -> active):
  custom:video-decoder-ogg-theora: a1e56fd34408186e4bbccfd4996cb3dc -> 
  custom:container-muxer-webm: aa71ff27fc2769a1b78a27578f13a17b -> 
  custom:container-demuxer-webm: 4f35f7cbe854078d1ac9338744f61a02 -> 
  custom:video-encoder-webm-vp8: eb34c28f22e8b96e1ab97ce403110664 -> 
  custom:audio-encoder-webm-vorbis: bf7c407c2cedff20999df2af8eb42d56 -> 
  custom:framework-win-MediaFoundation: 216162199b28c13a410421893ffa2e32 -> 
  custom:container-demuxer-ogg: 62fdf1f143b41e24485cea50d1cbac27 -> 
  custom:video-decoder-webm-vp8: 9c59270c3fd7afecdb556c50c9e8de78 -> 
  custom:audio-decoder-ogg-vorbis: bf7c407c2cedff20999df2af8eb42d56 -> 
========================================================================
Received Import Request.
  Time since last request: 41.164287 seconds.
  path: Assets/ObjectHolder/Samples/SpawnerScene.unity
  artifactKey: Guid(4ff3398871576a5459051c4d14051ce6) Importer(815301076,1909f56bfc062723c751e8b465ee728b)
Start importing Assets/ObjectHolder/Samples/SpawnerScene.unity using Guid(4ff3398871576a5459051c4d14051ce6) Importer(815301076,1909f56bfc062723c751e8b465ee728b)  -> (artifact id: 'fef9b7c80c36fde342c304363de37922') in 0.014975 seconds 
========================================================================
Received Prepare
Registering precompiled user dll's ...
Registered in 0.027186 seconds.
Begin MonoManager ReloadAssembly
Symbol file LoadedFromMemory doesn't match image D:\Unity - Projekte\unity-packages\Library\PackageCache\com.unity.visualscripting@1.7.8\Editor\VisualScripting.Core\Dependencies\YamlDotNet\Unity.VisualScripting.YamlDotNet.dll
Symbol file LoadedFromMemory doesn't match image D:\Unity - Projekte\unity-packages\Library\PackageCache\com.unity.visualscripting@1.7.8\Editor\VisualScripting.Core\Dependencies\DotNetZip\Unity.VisualScripting.IonicZip.dll
Native extension for UWP target not found
Native extension for WindowsStandalone target not found
Native extension for OSXStandalone target not found
Refreshing native plugins compatible for Editor in 1.06 ms, found 3 plugins.
Preloading 0 native plugins for Editor in 0.00 ms.
Mono: successfully reloaded assembly
- Completed reload, in  2.032 seconds
Domain Reload Profiling:
	ReloadAssembly (2033ms)
		BeginReloadAssembly (337ms)
			ExecutionOrderSort (0ms)
			DisableScriptedObjects (10ms)
			BackupInstance (0ms)
			ReleaseScriptingObjects (0ms)
			CreateAndSetChildDomain (67ms)
		EndReloadAssembly (1501ms)
			LoadAssemblies (354ms)
			RebuildTransferFunctionScriptingTraits (0ms)
			SetupTypeCache (480ms)
			ReleaseScriptCaches (3ms)
			RebuildScriptCaches (84ms)
			SetupLoadedEditorAssemblies (614ms)
				LogAssemblyErrors (0ms)
				InitializePlatformSupportModulesInManaged (32ms)
				SetLoadedEditorAssemblies (1ms)
				RefreshPlugins (1ms)
				BeforeProcessingInitializeOnLoad (119ms)
				ProcessInitializeOnLoadAttributes (389ms)
				ProcessInitializeOnLoadMethodAttributes (51ms)
				AfterProcessingInitializeOnLoad (21ms)
				EditorAssembliesLoaded (0ms)
			ExecutionOrderSort2 (0ms)
			AwakeInstancesAfterBackupRestoration (13ms)
Platform modules already initialized, skipping
Refreshing native plugins compatible for Editor in 5.05 ms, found 3 plugins.
Preloading 0 native plugins for Editor in 0.00 ms.
Unloading 3419 Unused Serialized files (Serialized files now loaded: 0)
Unloading 20 unused Assets / (78.9 KB). Loaded Objects now: 3961.
Memory consumption went from 122.8 MB to 122.7 MB.
Total: 4.656200 ms (FindLiveObjects: 0.305100 ms CreateObjectMapping: 0.242000 ms MarkObjects: 3.949600 ms  DeleteObjects: 0.158400 ms)

AssetImportParameters requested are different than current active one (requested -> active):
  custom:video-decoder-ogg-theora: a1e56fd34408186e4bbccfd4996cb3dc -> 
  custom:container-muxer-webm: aa71ff27fc2769a1b78a27578f13a17b -> 
  custom:container-demuxer-webm: 4f35f7cbe854078d1ac9338744f61a02 -> 
  custom:video-encoder-webm-vp8: eb34c28f22e8b96e1ab97ce403110664 -> 
  custom:audio-encoder-webm-vorbis: bf7c407c2cedff20999df2af8eb42d56 -> 
  custom:framework-win-MediaFoundation: 216162199b28c13a410421893ffa2e32 -> 
  custom:container-demuxer-ogg: 62fdf1f143b41e24485cea50d1cbac27 -> 
  custom:video-decoder-webm-vp8: 9c59270c3fd7afecdb556c50c9e8de78 -> 
  custom:audio-decoder-ogg-vorbis: bf7c407c2cedff20999df2af8eb42d56 -> 
========================================================================
Received Prepare
Registering precompiled user dll's ...
Registered in 0.031069 seconds.
Begin MonoManager ReloadAssembly
Symbol file LoadedFromMemory doesn't match image D:\Unity - Projekte\unity-packages\Library\PackageCache\com.unity.visualscripting@1.7.8\Editor\VisualScripting.Core\Dependencies\YamlDotNet\Unity.VisualScripting.YamlDotNet.dll
Symbol file LoadedFromMemory doesn't match image D:\Unity - Projekte\unity-packages\Library\PackageCache\com.unity.visualscripting@1.7.8\Editor\VisualScripting.Core\Dependencies\DotNetZip\Unity.VisualScripting.IonicZip.dll
Native extension for UWP target not found
Native extension for WindowsStandalone target not found
Native extension for OSXStandalone target not found
Refreshing native plugins compatible for Editor in 0.90 ms, found 3 plugins.
Preloading 0 native plugins for Editor in 0.00 ms.
Mono: successfully reloaded assembly
- Completed reload, in  2.046 seconds
Domain Reload Profiling:
	ReloadAssembly (2047ms)
		BeginReloadAssembly (326ms)
			ExecutionOrderSort (0ms)
			DisableScriptedObjects (9ms)
			BackupInstance (0ms)
			ReleaseScriptingObjects (0ms)
			CreateAndSetChildDomain (57ms)
		EndReloadAssembly (1516ms)
			LoadAssemblies (368ms)
			RebuildTransferFunctionScriptingTraits (0ms)
			SetupTypeCache (486ms)
			ReleaseScriptCaches (2ms)
			RebuildScriptCaches (84ms)
			SetupLoadedEditorAssemblies (613ms)
				LogAssemblyErrors (0ms)
				InitializePlatformSupportModulesInManaged (34ms)
				SetLoadedEditorAssemblies (1ms)
				RefreshPlugins (1ms)
				BeforeProcessingInitializeOnLoad (125ms)
				ProcessInitializeOnLoadAttributes (386ms)
				ProcessInitializeOnLoadMethodAttributes (49ms)
				AfterProcessingInitializeOnLoad (16ms)
				EditorAssembliesLoaded (0ms)
			ExecutionOrderSort2 (0ms)
			AwakeInstancesAfterBackupRestoration (14ms)
Platform modules already initialized, skipping
Refreshing native plugins compatible for Editor in 4.23 ms, found 3 plugins.
Preloading 0 native plugins for Editor in 0.00 ms.
Unloading 3419 Unused Serialized files (Serialized files now loaded: 0)
Unloading 20 unused Assets / (78.8 KB). Loaded Objects now: 3964.
Memory consumption went from 122.9 MB to 122.8 MB.
Total: 4.499300 ms (FindLiveObjects: 0.440500 ms CreateObjectMapping: 0.214800 ms MarkObjects: 3.717600 ms  DeleteObjects: 0.125100 ms)

AssetImportParameters requested are different than current active one (requested -> active):
  custom:video-decoder-ogg-theora: a1e56fd34408186e4bbccfd4996cb3dc -> 
  custom:container-muxer-webm: aa71ff27fc2769a1b78a27578f13a17b -> 
  custom:container-demuxer-webm: 4f35f7cbe854078d1ac9338744f61a02 -> 
  custom:video-encoder-webm-vp8: eb34c28f22e8b96e1ab97ce403110664 -> 
  custom:audio-encoder-webm-vorbis: bf7c407c2cedff20999df2af8eb42d56 -> 
  custom:framework-win-MediaFoundation: 216162199b28c13a410421893ffa2e32 -> 
  custom:container-demuxer-ogg: 62fdf1f143b41e24485cea50d1cbac27 -> 
  custom:video-decoder-webm-vp8: 9c59270c3fd7afecdb556c50c9e8de78 -> 
  custom:audio-decoder-ogg-vorbis: bf7c407c2cedff20999df2af8eb42d56 -> 
========================================================================
Received Import Request.
  Time since last request: 190.244540 seconds.
  path: Assets/ObjectHolder/LICENSE
  artifactKey: Guid(2f7b7b23e515b134d98f2390f92ef6d9) Importer(815301076,1909f56bfc062723c751e8b465ee728b)
Start importing Assets/ObjectHolder/LICENSE using Guid(2f7b7b23e515b134d98f2390f92ef6d9) Importer(815301076,1909f56bfc062723c751e8b465ee728b)  -> (artifact id: '2f041f50a884665bf6be2a7a0d078acd') in 0.026216 seconds 
========================================================================
Received Import Request.
  Time since last request: 2.571013 seconds.
  path: Assets/ObjectHolder/package.json
  artifactKey: Guid(62ceccda96e89314198036c781852959) Importer(815301076,1909f56bfc062723c751e8b465ee728b)
Start importing Assets/ObjectHolder/package.json using Guid(62ceccda96e89314198036c781852959) Importer(815301076,1909f56bfc062723c751e8b465ee728b)  -> (artifact id: 'dd357e6e0fbb6da5f35a4cca6c200c19') in 0.011446 seconds 
========================================================================
Received Import Request.
  Time since last request: 45.890757 seconds.
  path: Assets/ObjectHolder/package.json
  artifactKey: Guid(62ceccda96e89314198036c781852959) Importer(815301076,1909f56bfc062723c751e8b465ee728b)
Start importing Assets/ObjectHolder/package.json using Guid(62ceccda96e89314198036c781852959) Importer(815301076,1909f56bfc062723c751e8b465ee728b)  -> (artifact id: '212f24c87f044f293d828b6b70899641') in 0.013962 seconds 
========================================================================
Received Import Request.
  Time since last request: 0.980104 seconds.
  path: Assets/ObjectHolder/Scripts/ObjectHolder.cs
  artifactKey: Guid(7b708fa65fddb8e498a5187db260c6e3) Importer(815301076,1909f56bfc062723c751e8b465ee728b)
Start importing Assets/ObjectHolder/Scripts/ObjectHolder.cs using Guid(7b708fa65fddb8e498a5187db260c6e3) Importer(815301076,1909f56bfc062723c751e8b465ee728b)  -> (artifact id: 'ec9764cd9a7389aafc253144a0152be5') in 0.009791 seconds 
========================================================================
Received Import Request.
  Time since last request: 227.653467 seconds.
  path: Assets/ObjectHolder/Samples/Models
  artifactKey: Guid(58f5c2cc9b0a4f74992de6a9aa42959b) Importer(815301076,1909f56bfc062723c751e8b465ee728b)
Start importing Assets/ObjectHolder/Samples/Models using Guid(58f5c2cc9b0a4f74992de6a9aa42959b) Importer(815301076,1909f56bfc062723c751e8b465ee728b)  -> (artifact id: 'b02d78b820379346a235480b97c4c4c8') in 0.014002 seconds 
========================================================================
Received Import Request.
  Time since last request: 3.645726 seconds.
  path: Assets/ObjectHolder/Samples/Models/PresentModel.fbx
  artifactKey: Guid(594af82c1b7ac6d499f31f0d36538fbb) Importer(815301076,1909f56bfc062723c751e8b465ee728b)
Start importing Assets/ObjectHolder/Samples/Models/PresentModel.fbx using Guid(594af82c1b7ac6d499f31f0d36538fbb) Importer(815301076,1909f56bfc062723c751e8b465ee728b)  -> (artifact id: '5050a2c1910657ac55a0b85da5d4fe20') in 0.180878 seconds 
========================================================================
Received Import Request.
  Time since last request: 8.908948 seconds.
  path: Assets/ObjectHolder/Samples/SpawnerScene.unity
  artifactKey: Guid(4ff3398871576a5459051c4d14051ce6) Importer(815301076,1909f56bfc062723c751e8b465ee728b)
Start importing Assets/ObjectHolder/Samples/SpawnerScene.unity using Guid(4ff3398871576a5459051c4d14051ce6) Importer(815301076,1909f56bfc062723c751e8b465ee728b)  -> (artifact id: '5abc66ed5dc77da2397972b170cfa6e9') in 0.011375 seconds 
========================================================================
Received Import Request.
  Time since last request: 8.305863 seconds.
  path: Assets/ObjectHolder/Samples/Scene.unity
  artifactKey: Guid(4ff3398871576a5459051c4d14051ce6) Importer(815301076,1909f56bfc062723c751e8b465ee728b)
Start importing Assets/ObjectHolder/Samples/Scene.unity using Guid(4ff3398871576a5459051c4d14051ce6) Importer(815301076,1909f56bfc062723c751e8b465ee728b)  -> (artifact id: 'ccd37ccbdfc6597f2d88dd6ab6ef5a2c') in 0.007956 seconds 
========================================================================
Received Import Request.
  Time since last request: 22.709609 seconds.
  path: Assets/ObjectHolder/Samples/HolderScene.unity
  artifactKey: Guid(4ff3398871576a5459051c4d14051ce6) Importer(815301076,1909f56bfc062723c751e8b465ee728b)
Start importing Assets/ObjectHolder/Samples/HolderScene.unity using Guid(4ff3398871576a5459051c4d14051ce6) Importer(815301076,1909f56bfc062723c751e8b465ee728b)  -> (artifact id: 'eed675c55fcf48ec9002b15d3114c754') in 0.008646 seconds 
